Mplus VERSION 7.4
MUTHEN & MUTHEN
12/17/2015   4:39 PM

INPUT INSTRUCTIONS

  TITLE: wRGBWEFr

  DATA:    FILE IS 'simple case.txt';

  VARIABLE:  ! It is assumed that the input file contains only item responses
  ! Any additional variables should be added below
  Names ARE
  i1i2
  i3i4
  i5i6;
  USEVARIABLES ARE i1i2-i5i6;
  CATEGORICAL ARE ALL;

  ANALYSIS:
  ESTIMATOR = ulsmv;
  PARAMETERIZATION = theta;

  MODEL:

  Trait1  BY
  i1i2*1;

  !Trait2  BY
  !i1i2*-1;

  Trait3  BY
  i3i4*1;

  !Trait4  BY
  !i3i4*-1;

  Trait5  BY
  i5i6*1;

  !Trait6  BY
  !i5i6*-1;

  ! variances for all traits are set to 1
  Trait1@1;
  Trait3@1;
  Trait5@1;

  ! starting values for correlations between traits


  ! set uniquenesses of all outcomes for identification
  i1i2@1;
  i3i4@1;
  i5i6@1;

  SAVEDATA:  ! trait scores for individuals are estimated and saved in a file
  FILE IS 'Fscores.dat';
  SAVE = FSCORES;






INPUT READING TERMINATED NORMALLY



wRGBWEFr

SUMMARY OF ANALYSIS

Number of groups                                                 1
Number of observations                                           3

Number of dependent variables                                    3
Number of independent variables                                  0
Number of continuous latent variables                            3

Observed dependent variables

  Binary and ordered categorical (ordinal)
   I1I2        I3I4        I5I6

Continuous latent variables
   TRAIT1      TRAIT3      TRAIT5


Estimator                                                    ULSMV
Maximum number of iterations                                  1000
Convergence criterion                                    0.500D-04
Maximum number of steepest descent iterations                   20
Parameterization                                             THETA

Input data file(s)
  simple case.txt

Input data format  FREE


UNIVARIATE PROPORTIONS AND COUNTS FOR CATEGORICAL VARIABLES

    I1I2
      Category 1    0.333            1.000
      Category 2    0.667            2.000
    I3I4
      Category 1    0.333            1.000
      Category 2    0.667            2.000
    I5I6
      Category 1    0.333            1.000
      Category 2    0.667            2.000



     THE DEGREES OF FREEDOM FOR THIS MODEL ARE NEGATIVE.  THE MODEL IS NOT
     IDENTIFIED.  NO CHI-SQUARE TEST IS AVAILABLE.  CHECK YOUR MODEL.
     WARNING:  THE BIVARIATE TABLE OF I3I4 AND I1I2 HAS AN EMPTY CELL.

     WARNING:  THE BIVARIATE TABLE OF I5I6 AND I1I2 HAS AN EMPTY CELL.

     WARNING:  THE BIVARIATE TABLE OF I5I6 AND I3I4 HAS AN EMPTY CELL.


THE MODEL ESTIMATION TERMINATED NORMALLY

     THE STANDARD ERRORS OF THE MODEL PARAMETER ESTIMATES COULD NOT BE
     COMPUTED.  THE MODEL MAY NOT BE IDENTIFIED.  CHECK YOUR MODEL.
     PROBLEM INVOLVING THE FOLLOWING PARAMETER:
     Parameter 7, TRAIT3 WITH TRAIT1

     THE CONDITION NUMBER IS      -0.986D-16.

     FACTOR SCORES WILL NOT BE COMPUTED DUE TO NONCONVERGENCE OR
     NONIDENTIFIED MODEL.



MODEL RESULTS

                    Estimate

 TRAIT1   BY
    I1I2               1.044

 TRAIT3   BY
    I3I4               1.044

 TRAIT5   BY
    I5I6               1.044

 TRAIT3   WITH
    TRAIT1             0.761

 TRAIT5   WITH
    TRAIT1             0.761
    TRAIT3             0.761

 Thresholds
    I1I2$1            -0.623
    I3I4$1            -0.623
    I5I6$1            -0.623

 Variances
    TRAIT1             1.000
    TRAIT3             1.000
    TRAIT5             1.000

 Residual Variances
    I1I2               1.000
    I3I4               1.000
    I5I6               1.000


MODEL COMMAND WITH FINAL ESTIMATES USED AS STARTING VALUES

     trait1 BY i1i2*1.04406;
     trait3 BY i3i4*1.04406;
     trait5 BY i5i6*1.04406;

     trait3 WITH trait1*0.76058;
     trait5 WITH trait1*0.76058;
     trait5 WITH trait3*0.76058;

     [ i1i2$1*-0.62273 ];
     [ i3i4$1*-0.62273 ];
     [ i5i6$1*-0.62273 ];

     i1i2@1;
     i3i4@1;
     i5i6@1;
     trait1@1;
     trait3@1;
     trait5@1;



TECHNICAL 1 OUTPUT


     PARAMETER SPECIFICATION


           TAU
              I1I2$1        I3I4$1        I5I6$1
              ________      ________      ________
      1           1             2             3


           NU
              I1I2          I3I4          I5I6
              ________      ________      ________
      1           0             0             0


           LAMBDA
              TRAIT1        TRAIT3        TRAIT5
              ________      ________      ________
 I1I2               4             0             0
 I3I4               0             5             0
 I5I6               0             0             6


           THETA
              I1I2          I3I4          I5I6
              ________      ________      ________
 I1I2               0
 I3I4               0             0
 I5I6               0             0             0


           ALPHA
              TRAIT1        TRAIT3        TRAIT5
              ________      ________      ________
      1           0             0             0


           BETA
              TRAIT1        TRAIT3        TRAIT5
              ________      ________      ________
 TRAIT1             0             0             0
 TRAIT3             0             0             0
 TRAIT5             0             0             0


           PSI
              TRAIT1        TRAIT3        TRAIT5
              ________      ________      ________
 TRAIT1             0
 TRAIT3             7             0
 TRAIT5             8             9             0


     STARTING VALUES


           TAU
              I1I2$1        I3I4$1        I5I6$1
              ________      ________      ________
      1        -0.431        -0.431        -0.431


           NU
              I1I2          I3I4          I5I6
              ________      ________      ________
      1         0.000         0.000         0.000


           LAMBDA
              TRAIT1        TRAIT3        TRAIT5
              ________      ________      ________
 I1I2           1.000         0.000         0.000
 I3I4           0.000         1.000         0.000
 I5I6           0.000         0.000         1.000


           THETA
              I1I2          I3I4          I5I6
              ________      ________      ________
 I1I2           1.000
 I3I4           0.000         1.000
 I5I6           0.000         0.000         1.000


           ALPHA
              TRAIT1        TRAIT3        TRAIT5
              ________      ________      ________
      1         0.000         0.000         0.000


           BETA
              TRAIT1        TRAIT3        TRAIT5
              ________      ________      ________
 TRAIT1         0.000         0.000         0.000
 TRAIT3         0.000         0.000         0.000
 TRAIT5         0.000         0.000         0.000


           PSI
              TRAIT1        TRAIT3        TRAIT5
              ________      ________      ________
 TRAIT1         1.000
 TRAIT3         0.000         1.000
 TRAIT5         0.000         0.000         1.000


SAVEDATA INFORMATION

     Factor scores were not computed.
     No data were saved.


DIAGRAM INFORMATION

  Use View Diagram under the Diagram menu in the Mplus Editor to view the diagram.
  If running Mplus from the Mplus Diagrammer, the diagram opens automatically.

  Diagram output
    c:\users\ral58\google drive\larc\simple case try 1.dgm

     Beginning Time:  16:39:20
        Ending Time:  16:39:21
       Elapsed Time:  00:00:01



MUTHEN & MUTHEN
3463 Stoner Ave.
Los Angeles, CA  90066

Tel: (310) 391-9971
Fax: (310) 391-8971
Web: www.StatModel.com
Support: Support@StatModel.com

Copyright (c) 1998-2015 Muthen & Muthen
